<?xml version="1.0" encoding="UTF-8"?>
<!-- Generated by org.testng.reporters.JUnitReportReporter -->
<testsuite hostname="DESKTOP-QDMAU59" failures="0" tests="10" name="testNGDemo.DataProvider2" time="205.084" errors="0" timestamp="2022-07-30T12:27:12 IST" skipped="0">
  <testcase classname="testNGDemo.DataProvider2" name="login" time="22.476"/>
  <system-out/>
  <testcase classname="testNGDemo.DataProvider2" name="login" time="13.518"/>
  <system-out/>
  <testcase classname="testNGDemo.DataProvider2" name="login" time="14.241"/>
  <system-out/>
  <testcase classname="testNGDemo.DataProvider2" name="login" time="13.290"/>
  <system-out/>
  <testcase classname="testNGDemo.DataProvider2" name="login" time="12.463"/>
  <system-out/>
  <testcase classname="testNGDemo.DataProvider2" name="login" time="69.847"/>
  <system-out/>
  <testcase classname="testNGDemo.DataProvider2" name="login" time="12.490"/>
  <system-out/>
  <testcase classname="testNGDemo.DataProvider2" name="login" time="16.091"/>
  <system-out/>
  <testcase classname="testNGDemo.DataProvider2" name="login" time="14.487"/>
  <system-out/>
  <testcase classname="testNGDemo.DataProvider2" name="login" time="16.181"/>
  <system-out/>
</testsuite> <!-- testNGDemo.DataProvider2 -->
