<?xml version="1.0" encoding="UTF-8"?>
<!-- Generated by org.testng.reporters.JUnitReportReporter -->
<testsuite hostname="DESKTOP-QDMAU59" failures="0" tests="1" name="sikuliDemo.Sikuli1" time="1.473" errors="0" timestamp="2022-08-23T14:44:16 IST" skipped="0">
  <testcase classname="sikuliDemo.Sikuli1" name="windows" time="1.473"/>
  <system-out/>
</testsuite> <!-- sikuliDemo.Sikuli1 -->
