<?xml version="1.0" encoding="UTF-8"?>
<!-- Generated by org.testng.reporters.JUnitReportReporter -->
<testsuite hostname="DESKTOP-QDMAU59" failures="0" tests="6" name="testNGDemo.TestNG1" time="37.803" errors="0" timestamp="2022-07-26T11:53:47 IST" skipped="0">
  <testcase classname="testNGDemo.TestNG1" name="swiggy" time="6.146"/>
  <system-out/>
  <testcase classname="testNGDemo.TestNG1" name="flipkart" time="5.268"/>
  <system-out/>
  <testcase classname="testNGDemo.TestNG1" name="google" time="5.250"/>
  <system-out/>
  <testcase classname="testNGDemo.TestNG1" name="seleniumdev" time="5.547"/>
  <system-out/>
  <testcase classname="testNGDemo.TestNG1" name="zomoto" time="6.870"/>
  <system-out/>
  <testcase classname="testNGDemo.TestNG1" name="seleniumlearn" time="8.722"/>
  <system-out/>
</testsuite> <!-- testNGDemo.TestNG1 -->
