<?xml version="1.0" encoding="UTF-8"?>
<!-- Generated by org.testng.reporters.JUnitReportReporter -->
<testsuite hostname="DESKTOP-QDMAU59" failures="0" tests="5" name="testNGDemo.EnabledDiscriptiontimeout" time="25.051" errors="0" timestamp="2022-07-27T20:35:24 IST" skipped="1">
  <testcase classname="testNGDemo.EnabledDiscriptiontimeout" name="zomato" time="5.429"/>
  <system-out/>
  <testcase classname="testNGDemo.EnabledDiscriptiontimeout" name="swiggy" time="3.890"/>
  <system-out/>
  <testcase classname="testNGDemo.EnabledDiscriptiontimeout" name="gmail" time="4.392"/>
  <system-out/>
  <testcase classname="testNGDemo.EnabledDiscriptiontimeout" name="amazon" time="11.340"/>
  <system-out/>
  <testcase classname="testNGDemo.EnabledDiscriptiontimeout" name="close">
    <skipped/>
  </testcase> <!-- close -->
  <system-out/>
</testsuite> <!-- testNGDemo.EnabledDiscriptiontimeout -->
