<?xml version="1.0" encoding="UTF-8"?>
<!-- Generated by org.testng.reporters.JUnitReportReporter -->
<testsuite hostname="DESKTOP-QDMAU59" failures="0" tests="2" name="testNGDemo.AlphabeticalMethodOrder" time="0.011" errors="0" timestamp="2022-08-04T11:36:21 IST" skipped="0">
  <testcase classname="testNGDemo.AlphabeticalMethodOrder" name="testcas1" time="0.007"/>
  <system-out/>
  <testcase classname="testNGDemo.AlphabeticalMethodOrder" name="testcase2" time="0.004"/>
  <system-out/>
</testsuite> <!-- testNGDemo.AlphabeticalMethodOrder -->
