<?xml version="1.0" encoding="UTF-8"?>
<!-- Generated by org.testng.reporters.JUnitReportReporter -->
<testsuite hostname="DESKTOP-QDMAU59" failures="0" tests="1" name="advancedActionClasses.ArrayList1" time="42.541" errors="0" timestamp="2022-08-17T16:39:31 IST" skipped="0">
  <testcase classname="advancedActionClasses.ArrayList1" name="newTabinBrowser" time="42.541"/>
  <system-out/>
</testsuite> <!-- advancedActionClasses.ArrayList1 -->
