<?xml version="1.0" encoding="UTF-8"?>
<!-- Generated by org.testng.reporters.JUnitReportReporter -->
<testsuite hostname="DESKTOP-QDMAU59" failures="0" tests="1" name="advancedActionClasses.RightClick" time="1.221" errors="0" timestamp="2022-08-03T10:43:24 IST" skipped="0">
  <testcase classname="advancedActionClasses.RightClick" name="rightClick" time="1.221"/>
  <system-out/>
</testsuite> <!-- advancedActionClasses.RightClick -->
