<?xml version="1.0" encoding="UTF-8"?>
<!-- Generated by org.testng.reporters.JUnitReportReporter -->
<testsuite hostname="DESKTOP-QDMAU59" failures="0" tests="1" name="advancedmethods.GetText" time="0.121" errors="0" timestamp="2022-08-17T16:05:45 IST" skipped="0">
  <testcase classname="advancedmethods.GetText" name="getTex" time="0.121"/>
  <system-out/>
</testsuite> <!-- advancedmethods.GetText -->
