<?xml version="1.0" encoding="UTF-8"?>
<!-- Generated by org.testng.reporters.JUnitReportReporter -->
<testsuite hostname="DESKTOP-QDMAU59" failures="0" tests="6" name="testNGDemo.NewTest" time="2.378" errors="0" timestamp="2022-07-26T11:23:07 IST" skipped="0">
  <testcase classname="testNGDemo.NewTest" name="facebook" time="0.004"/>
  <system-out/>
  <testcase classname="testNGDemo.NewTest" name="google" time="0.003"/>
  <system-out/>
  <testcase classname="testNGDemo.NewTest" name="flipcart" time="0.003"/>
  <system-out/>
  <testcase classname="testNGDemo.NewTest" name="amazon" time="0.005"/>
  <system-out/>
  <testcase classname="testNGDemo.NewTest" name="twitter" time="2.360"/>
  <system-out/>
  <testcase classname="testNGDemo.NewTest" name="zomoto" time="0.003"/>
  <system-out/>
</testsuite> <!-- testNGDemo.NewTest -->
