<?xml version="1.0" encoding="UTF-8"?>
<!-- Generated by org.testng.reporters.JUnitReportReporter -->
<testsuite hostname="DESKTOP-QDMAU59" failures="0" tests="1" name="advancedmethods.GetTextFB" time="0.049" errors="0" timestamp="2022-08-02T13:02:52 IST" skipped="0">
  <testcase classname="advancedmethods.GetTextFB" name="getTextFB" time="0.049"/>
  <system-out/>
</testsuite> <!-- advancedmethods.GetTextFB -->
