<?xml version="1.0" encoding="UTF-8"?>
<!-- Generated by org.testng.reporters.JUnitReportReporter -->
<testsuite hostname="DESKTOP-QDMAU59" failures="0" tests="6" name="testNGDemo.TestNGDataprovider" time="63.243" errors="0" timestamp="2022-08-13T22:44:32 IST" skipped="0">
  <testcase classname="testNGDemo.TestNGDataprovider" name="login" time="16.844"/>
  <system-out/>
  <testcase classname="testNGDemo.TestNGDataprovider" name="login" time="7.542"/>
  <system-out/>
  <testcase classname="testNGDemo.TestNGDataprovider" name="login" time="7.171"/>
  <system-out/>
  <testcase classname="testNGDemo.TestNGDataprovider" name="login" time="14.124"/>
  <system-out/>
  <testcase classname="testNGDemo.TestNGDataprovider" name="login" time="8.443"/>
  <system-out/>
  <testcase classname="testNGDemo.TestNGDataprovider" name="login" time="9.119"/>
  <system-out/>
</testsuite> <!-- testNGDemo.TestNGDataprovider -->
