<?xml version="1.0" encoding="UTF-8"?>
<!-- Generated by org.testng.reporters.JUnitReportReporter -->
<testsuite hostname="DESKTOP-QDMAU59" failures="0" tests="1" name="advancedActionClasses.Mousehover" time="1.262" errors="0" timestamp="2022-08-13T22:51:18 IST" skipped="0">
  <testcase classname="advancedActionClasses.Mousehover" name="doubleclick" time="1.262"/>
  <system-out/>
</testsuite> <!-- advancedActionClasses.Mousehover -->
