<?xml version="1.0" encoding="UTF-8"?>
<!-- Generated by org.testng.reporters.JUnitReportReporter -->
<testsuite hostname="DESKTOP-QDMAU59" failures="0" tests="1" name="testNGDemo.Balabarathi" time="2.638" errors="0" timestamp="2022-08-13T22:48:18 IST" skipped="0">
  <testcase classname="testNGDemo.Balabarathi" name="login" time="2.638"/>
  <system-out/>
</testsuite> <!-- testNGDemo.Balabarathi -->
