<?xml version="1.0" encoding="UTF-8"?>
<!-- Generated by org.testng.reporters.JUnitReportReporter -->
<testsuite hostname="DESKTOP-QDMAU59" failures="0" tests="2" name="testNGDemo.Assertions" time="6.614" errors="0" timestamp="2022-08-23T14:48:43 IST" skipped="0">
  <testcase classname="testNGDemo.Assertions" name="assertions" time="5.781"/>
  <system-out/>
  <testcase classname="testNGDemo.Assertions" name="verifyURl" time="0.833"/>
  <system-out/>
</testsuite> <!-- testNGDemo.Assertions -->
