<?xml version="1.0" encoding="UTF-8"?>
<!-- Generated by org.testng.reporters.JUnitReportReporter -->
<testsuite hostname="DESKTOP-QDMAU59" failures="0" tests="1" name="dataDrivenFrameWorks.FileResultexel" time="51.825" errors="0" timestamp="2022-08-22T11:48:27 IST" skipped="0">
  <testcase classname="dataDrivenFrameWorks.FileResultexel" name="PrintTestResultsinSheet" time="51.825"/>
  <system-out/>
</testsuite> <!-- dataDrivenFrameWorks.FileResultexel -->
