<?xml version="1.0" encoding="UTF-8"?>
<!-- Generated by org.testng.reporters.JUnitReportReporter -->
<testsuite hostname="DESKTOP-QDMAU59" failures="0" tests="1" name="screenShot.BugScreenShot" time="5.056" errors="0" timestamp="2022-08-09T16:13:43 IST" skipped="0">
  <testcase classname="screenShot.BugScreenShot" name="TakeScreenshot" time="5.056"/>
  <system-out/>
</testsuite> <!-- screenShot.BugScreenShot -->
