<?xml version="1.0" encoding="UTF-8"?>
<!-- Generated by org.testng.reporters.JUnitReportReporter -->
<testsuite hostname="DESKTOP-QDMAU59" failures="0" tests="1" name="advancedActionClasses.DragAndDrop2" time="17.314" errors="0" timestamp="2022-08-08T11:12:28 IST" skipped="0">
  <testcase classname="advancedActionClasses.DragAndDrop2" name="rightClick" time="17.314"/>
  <system-out/>
</testsuite> <!-- advancedActionClasses.DragAndDrop2 -->
