<?xml version="1.0" encoding="UTF-8"?>
<!-- Generated by org.testng.reporters.JUnitReportReporter -->
<testsuite hostname="DESKTOP-QDMAU59" failures="0" tests="5" name="testNGDemo.PriorityTestNGDemo" time="42.731" errors="0" timestamp="2022-07-27T20:20:37 IST" skipped="0">
  <testcase classname="testNGDemo.PriorityTestNGDemo" name="seleniumlearn" time="8.032"/>
  <system-out/>
  <testcase classname="testNGDemo.PriorityTestNGDemo" name="zomato" time="16.628"/>
  <system-out/>
  <testcase classname="testNGDemo.PriorityTestNGDemo" name="swiggy" time="5.693"/>
  <system-out/>
  <testcase classname="testNGDemo.PriorityTestNGDemo" name="gmail" time="5.648"/>
  <system-out/>
  <testcase classname="testNGDemo.PriorityTestNGDemo" name="amazon" time="6.730"/>
  <system-out/>
</testsuite> <!-- testNGDemo.PriorityTestNGDemo -->
