<?xml version="1.0" encoding="UTF-8"?>
<!-- Generated by org.testng.reporters.JUnitReportReporter -->
<testsuite hostname="DESKTOP-QDMAU59" failures="0" tests="1" name="advancedmethods.Dismiss" time="4.109" errors="0" timestamp="2022-08-17T16:00:39 IST" skipped="0">
  <testcase classname="advancedmethods.Dismiss" name="dismiss" time="4.109"/>
  <system-out/>
</testsuite> <!-- advancedmethods.Dismiss -->
