<?xml version="1.0" encoding="UTF-8"?>
<!-- Generated by org.testng.reporters.JUnitReportReporter -->
<testsuite hostname="DESKTOP-QDMAU59" failures="0" tests="1" name="dataDrivenFrameWorks.IsSelected" time="4.580" errors="0" timestamp="2022-08-23T15:02:12 IST" skipped="0">
  <testcase classname="dataDrivenFrameWorks.IsSelected" name="f" time="4.580"/>
  <system-out/>
</testsuite> <!-- dataDrivenFrameWorks.IsSelected -->
