<?xml version="1.0" encoding="UTF-8"?>
<!-- Generated by org.testng.reporters.JUnitReportReporter -->
<testsuite hostname="DESKTOP-QDMAU59" failures="0" tests="1" name="testNGDemo.Log4jDemo" time="7.162" errors="0" timestamp="2022-08-17T12:36:49 IST" skipped="0">
  <testcase classname="testNGDemo.Log4jDemo" name="Log4j" time="7.162"/>
  <system-out/>
</testsuite> <!-- testNGDemo.Log4jDemo -->
