<?xml version="1.0" encoding="UTF-8"?>
<!-- Generated by org.testng.reporters.JUnitReportReporter -->
<testsuite hostname="DESKTOP-QDMAU59" failures="0" tests="1" name="testNGDemo.Balabarathi" time="1.448" errors="0" timestamp="2022-08-23T14:51:10 IST" skipped="0">
  <testcase classname="testNGDemo.Balabarathi" name="login" time="1.448"/>
  <system-out/>
</testsuite> <!-- testNGDemo.Balabarathi -->
