<?xml version="1.0" encoding="UTF-8"?>
<!-- Generated by org.testng.reporters.JUnitReportReporter -->
<testsuite hostname="DESKTOP-QDMAU59" failures="0" tests="1" name="advancedActionClasses.Mousehover" time="14.878" errors="0" timestamp="2022-08-17T17:05:43 IST" skipped="0">
  <testcase classname="advancedActionClasses.Mousehover" name="mouseover" time="14.878"/>
  <system-out/>
</testsuite> <!-- advancedActionClasses.Mousehover -->
