<?xml version="1.0" encoding="UTF-8"?>
<!-- Generated by org.testng.reporters.JUnitReportReporter -->
<testsuite hostname="DESKTOP-QDMAU59" failures="0" tests="1" name="advancedmethods.DropdownSelect" time="0.243" errors="0" timestamp="2022-08-02T15:51:05 IST" skipped="0">
  <testcase classname="advancedmethods.DropdownSelect" name="dropDownSelect" time="0.243"/>
  <system-out/>
</testsuite> <!-- advancedmethods.DropdownSelect -->
