<?xml version="1.0" encoding="UTF-8"?>
<!-- Generated by org.testng.reporters.JUnitReportReporter -->
<testsuite hostname="DESKTOP-QDMAU59" failures="0" tests="1" name="advancedmethods.PopupAlertBox" time="0.152" errors="0" timestamp="2022-08-08T11:23:22 IST" skipped="0">
  <testcase classname="advancedmethods.PopupAlertBox" name="popupAlertBox" time="0.152"/>
  <system-out/>
</testsuite> <!-- advancedmethods.PopupAlertBox -->
