<?xml version="1.0" encoding="UTF-8"?>
<!-- Generated by org.testng.reporters.JUnitReportReporter -->
<testsuite hostname="DESKTOP-QDMAU59" failures="0" tests="2" name="screenShot.ScreenShot" time="189.525" errors="0" timestamp="2022-08-09T16:38:29 IST" skipped="0">
  <testcase classname="screenShot.ScreenShot" name="google" time="11.736"/>
  <system-out/>
  <testcase classname="screenShot.ScreenShot" name="seleniumlearn" time="177.789"/>
  <system-out/>
</testsuite> <!-- screenShot.ScreenShot -->
