<?xml version="1.0" encoding="UTF-8"?>
<!-- Generated by org.testng.reporters.JUnitReportReporter -->
<testsuite hostname="DESKTOP-QDMAU59" failures="0" tests="1" name="advancedmethods.GetText" time="0.054" errors="0" timestamp="2022-08-02T13:05:31 IST" skipped="0">
  <testcase classname="advancedmethods.GetText" name="getTex" time="0.054"/>
  <system-out/>
</testsuite> <!-- advancedmethods.GetText -->
