<?xml version="1.0" encoding="UTF-8"?>
<!-- Generated by org.testng.reporters.JUnitReportReporter -->
<testsuite hostname="DESKTOP-QDMAU59" failures="0" tests="1" name="dataDrivenFrameWorks.MultipleLogin" time="63.705" errors="0" timestamp="2022-08-22T11:20:22 IST" skipped="0">
  <testcase classname="dataDrivenFrameWorks.MultipleLogin" name="LoginRetesting" time="63.705"/>
  <system-out/>
</testsuite> <!-- dataDrivenFrameWorks.MultipleLogin -->
