<?xml version="1.0" encoding="UTF-8"?>
<!-- Generated by org.testng.reporters.JUnitReportReporter -->
<testsuite hostname="DESKTOP-QDMAU59" failures="0" tests="1" name="dataDrivenFrameWorks.IsDisabled" time="3.192" errors="0" timestamp="2022-08-23T15:04:39 IST" skipped="0">
  <testcase classname="dataDrivenFrameWorks.IsDisabled" name="f" time="3.192"/>
  <system-out/>
</testsuite> <!-- dataDrivenFrameWorks.IsDisabled -->
