<?xml version="1.0" encoding="UTF-8"?>
<!-- Generated by org.testng.reporters.JUnitReportReporter -->
<testsuite hostname="DESKTOP-QDMAU59" failures="0" tests="1" name="advancedActionClasses.DragAndDrop" time="3.478" errors="0" timestamp="2022-08-03T11:09:16 IST" skipped="0">
  <testcase classname="advancedActionClasses.DragAndDrop" name="rightClick" time="3.478"/>
  <system-out/>
</testsuite> <!-- advancedActionClasses.DragAndDrop -->
