<?xml version="1.0" encoding="UTF-8"?>
<!-- Generated by org.testng.reporters.JUnitReportReporter -->
<testsuite hostname="DESKTOP-QDMAU59" failures="0" tests="1" name="dataDrivenFrameWorks.IsEnabled" time="3.374" errors="0" timestamp="2022-08-23T15:03:31 IST" skipped="0">
  <testcase classname="dataDrivenFrameWorks.IsEnabled" name="f" time="3.374"/>
  <system-out/>
</testsuite> <!-- dataDrivenFrameWorks.IsEnabled -->
