<?xml version="1.0" encoding="UTF-8"?>
<!-- Generated by org.testng.reporters.JUnitReportReporter -->
<testsuite hostname="DESKTOP-QDMAU59" failures="0" tests="2" name="testNGDemo.Assertions" time="7.329" errors="0" timestamp="2022-08-16T22:38:51 IST" skipped="0">
  <testcase classname="testNGDemo.Assertions" name="verifyURl" time="1.235"/>
  <system-out/>
  <testcase classname="testNGDemo.Assertions" name="assertions" time="6.094"/>
  <system-out/>
</testsuite> <!-- testNGDemo.Assertions -->
