<?xml version="1.0" encoding="UTF-8"?>
<!-- Generated by org.testng.reporters.JUnitReportReporter -->
<testsuite hostname="DESKTOP-QDMAU59" failures="0" tests="1" name="screenShot.LogoScreenShot" time="20.446" errors="0" timestamp="2022-08-09T16:51:02 IST" skipped="0">
  <testcase classname="screenShot.LogoScreenShot" name="TakeScreenShot" time="20.446"/>
  <system-out/>
</testsuite> <!-- screenShot.LogoScreenShot -->
