<?xml version="1.0" encoding="UTF-8"?>
<!-- Generated by org.testng.reporters.JUnitReportReporter -->
<testsuite hostname="DESKTOP-QDMAU59" failures="0" tests="1" name="advancedActionClasses.DoubleClick" time="2.432" errors="0" timestamp="2022-08-03T11:00:01 IST" skipped="0">
  <testcase classname="advancedActionClasses.DoubleClick" name="mousehover" time="2.432"/>
  <system-out/>
</testsuite> <!-- advancedActionClasses.DoubleClick -->
