<?xml version="1.0" encoding="UTF-8"?>
<!-- Generated by org.testng.reporters.JUnitReportReporter -->
<testsuite hostname="DESKTOP-QDMAU59" failures="0" tests="1" name="advancedmethods.AlertboxClickEnterDon" time="9.144" errors="0" timestamp="2022-08-04T11:06:53 IST" skipped="0">
  <testcase classname="advancedmethods.AlertboxClickEnterDon" name="clickAndEnter" time="9.144"/>
  <system-out/>
</testsuite> <!-- advancedmethods.AlertboxClickEnterDon -->
