<?xml version="1.0" encoding="UTF-8"?>
<!-- Generated by org.testng.reporters.JUnitReportReporter -->
<testsuite hostname="DESKTOP-QDMAU59" failures="0" tests="2" name="testNGDemo.CrossBrowsing" time="19.229" errors="0" timestamp="2022-07-29T18:39:20 IST" skipped="0">
  <testcase classname="testNGDemo.CrossBrowsing" name="Run" time="10.174"/>
  <system-out/>
  <testcase classname="testNGDemo.CrossBrowsing" name="Run" time="9.055"/>
  <system-out/>
</testsuite> <!-- testNGDemo.CrossBrowsing -->
