<?xml version="1.0" encoding="UTF-8"?>
<!-- Generated by org.testng.reporters.JUnitReportReporter -->
<testsuite hostname="DESKTOP-QDMAU59" failures="0" tests="1" name="dataDrivenFrameWorks.LoginSingleUser" time="5.390" errors="0" timestamp="2022-08-22T11:07:31 IST" skipped="0">
  <testcase classname="dataDrivenFrameWorks.LoginSingleUser" name="ReadData" time="5.390"/>
  <system-out/>
</testsuite> <!-- dataDrivenFrameWorks.LoginSingleUser -->
