<?xml version="1.0" encoding="UTF-8"?>
<!-- Generated by org.testng.reporters.JUnitReportReporter -->
<testsuite hostname="DESKTOP-QDMAU59" failures="0" tests="2" name="testNGDemo.DependsOnMethods" time="14.949" errors="0" timestamp="2022-07-27T21:48:16 IST" skipped="0">
  <testcase classname="testNGDemo.DependsOnMethods" name="method2" time="6.587"/>
  <system-out/>
  <testcase classname="testNGDemo.DependsOnMethods" name="method1" time="8.362"/>
  <system-out/>
</testsuite> <!-- testNGDemo.DependsOnMethods -->
